c:\users\administrator\desktop\final\renderingpipeline\renderingpipeline\x64\debug\moc_renderingpipeline.obj
c:\users\administrator\desktop\final\renderingpipeline\renderingpipeline\x64\debug\main.obj
c:\users\administrator\desktop\final\renderingpipeline\renderingpipeline\x64\debug\renderingpipeline.obj
c:\users\administrator\desktop\final\renderingpipeline\renderingpipeline\x64\debug\camera.obj
c:\users\administrator\desktop\final\renderingpipeline\renderingpipeline\x64\debug\matrix4x4.obj
c:\users\administrator\desktop\final\renderingpipeline\renderingpipeline\x64\debug\polygoncliper.obj
c:\users\administrator\desktop\final\renderingpipeline\renderingpipeline\x64\debug\vector4.obj
c:\users\administrator\desktop\final\renderingpipeline\renderingpipeline\x64\debug\perspectiveprojector.obj
c:\users\administrator\desktop\final\renderingpipeline\renderingpipeline\x64\debug\projector.obj
c:\users\administrator\desktop\final\renderingpipeline\renderingpipeline\x64\debug\transformer.obj
c:\users\administrator\desktop\final\renderingpipeline\renderingpipeline\x64\debug\vc141.pdb
c:\users\administrator\desktop\final\renderingpipeline\renderingpipeline\x64\debug\qrc_renderingpipeline.obj
c:\users\administrator\desktop\final\renderingpipeline\renderingpipeline\x64\debug\drawpolygon.obj
c:\users\administrator\desktop\final\renderingpipeline\renderingpipeline\x64\debug\light.obj
c:\users\administrator\desktop\final\renderingpipeline\x64\debug\renderingpipeline.exe
c:\users\administrator\desktop\final\renderingpipeline\x64\debug\renderingpipeline.ilk
c:\users\administrator\desktop\final\renderingpipeline\x64\debug\renderingpipeline.pdb
c:\users\administrator\desktop\final\renderingpipeline\renderingpipeline\.\generatedfiles\debug\moc_renderingpipeline.cpp
c:\users\administrator\desktop\final\renderingpipeline\renderingpipeline\.\generatedfiles\qrc_renderingpipeline.cpp
c:\users\administrator\desktop\final\renderingpipeline\renderingpipeline\.\generatedfiles\ui_renderingpipeline.h
c:\users\administrator\desktop\final\renderingpipeline\renderingpipeline\generatedfiles\debug\moc_renderingpipeline.cpp
c:\users\administrator\desktop\final\renderingpipeline\renderingpipeline\generatedfiles\qrc_renderingpipeline.cpp
c:\users\administrator\desktop\final\renderingpipeline\renderingpipeline\generatedfiles\ui_renderingpipeline.h
c:\users\administrator\desktop\final\renderingpipeline\renderingpipeline\x64\debug\renderin.b12702ad.tlog\cl.command.1.tlog
c:\users\administrator\desktop\final\renderingpipeline\renderingpipeline\x64\debug\renderin.b12702ad.tlog\cl.read.1.tlog
c:\users\administrator\desktop\final\renderingpipeline\renderingpipeline\x64\debug\renderin.b12702ad.tlog\cl.write.1.tlog
c:\users\administrator\desktop\final\renderingpipeline\renderingpipeline\x64\debug\renderin.b12702ad.tlog\link.command.1.tlog
c:\users\administrator\desktop\final\renderingpipeline\renderingpipeline\x64\debug\renderin.b12702ad.tlog\link.read.1.tlog
c:\users\administrator\desktop\final\renderingpipeline\renderingpipeline\x64\debug\renderin.b12702ad.tlog\link.write.1.tlog
c:\users\administrator\desktop\final\renderingpipeline\renderingpipeline\x64\debug\renderin.b12702ad.tlog\qtmoc.read.1u.tlog
c:\users\administrator\desktop\final\renderingpipeline\renderingpipeline\x64\debug\renderin.b12702ad.tlog\qtmoc.write.1u.tlog
c:\users\administrator\desktop\final\renderingpipeline\renderingpipeline\x64\debug\renderin.b12702ad.tlog\qtrcc.read.1u.tlog
c:\users\administrator\desktop\final\renderingpipeline\renderingpipeline\x64\debug\renderin.b12702ad.tlog\qtrcc.write.1u.tlog
c:\users\administrator\desktop\final\renderingpipeline\renderingpipeline\x64\debug\renderin.b12702ad.tlog\qtuic.read.1u.tlog
c:\users\administrator\desktop\final\renderingpipeline\renderingpipeline\x64\debug\renderin.b12702ad.tlog\qtuic.write.1u.tlog
c:\users\administrator\desktop\final\renderingpipeline\renderingpipeline\x64\debug\renderin.b12702ad.tlog\renderingpipeline.write.1u.tlog
