c:\users\administrator\desktop\final\renderingpipeline\renderingpipeline\x64\release\matrix4x4.obj
c:\users\administrator\desktop\final\renderingpipeline\renderingpipeline\x64\release\polygoncliper.obj
c:\users\administrator\desktop\final\renderingpipeline\renderingpipeline\x64\release\transformer.obj
c:\users\administrator\desktop\final\renderingpipeline\renderingpipeline\x64\release\qrc_renderingpipeline.obj
c:\users\administrator\desktop\final\renderingpipeline\renderingpipeline\x64\release\perspectiveprojector.obj
c:\users\administrator\desktop\final\renderingpipeline\renderingpipeline\x64\release\renderingpipeline.obj
c:\users\administrator\desktop\final\renderingpipeline\renderingpipeline\x64\release\main.obj
c:\users\administrator\desktop\final\renderingpipeline\renderingpipeline\x64\release\camera.obj
c:\users\administrator\desktop\final\renderingpipeline\renderingpipeline\x64\release\projector.obj
c:\users\administrator\desktop\final\renderingpipeline\renderingpipeline\x64\release\vector4.obj
c:\users\administrator\desktop\final\renderingpipeline\renderingpipeline\x64\release\moc_renderingpipeline.obj
c:\users\administrator\desktop\final\renderingpipeline\x64\release\renderingpipeline.exe
c:\users\administrator\desktop\final\renderingpipeline\renderingpipeline\.\generatedfiles\release\moc_renderingpipeline.cpp
c:\users\administrator\desktop\final\renderingpipeline\renderingpipeline\.\generatedfiles\qrc_renderingpipeline.cpp
c:\users\administrator\desktop\final\renderingpipeline\renderingpipeline\.\generatedfiles\ui_renderingpipeline.h
c:\users\administrator\desktop\final\renderingpipeline\renderingpipeline\generatedfiles\release\moc_renderingpipeline.cpp
c:\users\administrator\desktop\final\renderingpipeline\renderingpipeline\generatedfiles\qrc_renderingpipeline.cpp
c:\users\administrator\desktop\final\renderingpipeline\renderingpipeline\generatedfiles\ui_renderingpipeline.h
c:\users\administrator\desktop\final\renderingpipeline\renderingpipeline\x64\release\renderin.b12702ad.tlog\cl.10568.write.1.tlog
c:\users\administrator\desktop\final\renderingpipeline\renderingpipeline\x64\release\renderin.b12702ad.tlog\cl.command.1.tlog
c:\users\administrator\desktop\final\renderingpipeline\renderingpipeline\x64\release\renderin.b12702ad.tlog\cl.read.1.tlog
c:\users\administrator\desktop\final\renderingpipeline\renderingpipeline\x64\release\renderin.b12702ad.tlog\link.command.1.tlog
c:\users\administrator\desktop\final\renderingpipeline\renderingpipeline\x64\release\renderin.b12702ad.tlog\link.read.1.tlog
c:\users\administrator\desktop\final\renderingpipeline\renderingpipeline\x64\release\renderin.b12702ad.tlog\link.write.1.tlog
c:\users\administrator\desktop\final\renderingpipeline\renderingpipeline\x64\release\renderin.b12702ad.tlog\qtmoc.read.1u.tlog
c:\users\administrator\desktop\final\renderingpipeline\renderingpipeline\x64\release\renderin.b12702ad.tlog\qtmoc.write.1u.tlog
c:\users\administrator\desktop\final\renderingpipeline\renderingpipeline\x64\release\renderin.b12702ad.tlog\qtrcc.read.1u.tlog
c:\users\administrator\desktop\final\renderingpipeline\renderingpipeline\x64\release\renderin.b12702ad.tlog\qtrcc.write.1u.tlog
c:\users\administrator\desktop\final\renderingpipeline\renderingpipeline\x64\release\renderin.b12702ad.tlog\qtuic.read.1u.tlog
c:\users\administrator\desktop\final\renderingpipeline\renderingpipeline\x64\release\renderin.b12702ad.tlog\qtuic.write.1u.tlog
c:\users\administrator\desktop\final\renderingpipeline\renderingpipeline\x64\release\renderin.b12702ad.tlog\renderingpipeline.write.1u.tlog
